<?xml version="1.0" encoding="UTF-8"?>
<!-- Generated by org.testng.reporters.JUnitReportReporter -->
<testsuite hostname="LAPTOP-H5CH06C6" failures="0" tests="1" name="com.xyzBank.CustomerLogin" time="12.575" errors="0" timestamp="2023-11-28T10:47:45 IST" skipped="0">
  <testcase classname="com.xyzBank.CustomerLogin" name="loginPage" time="12.575"/>
  <system-out>
    <![CDATA[loginPage is passed
addCustomer is passed]]>
  </system-out>
</testsuite> <!-- com.xyzBank.CustomerLogin -->
